# JRE version: OpenJDK Runtime Environment (8.0_202-b03) (build 1.8.0_202-release-1483-b03)
# Java VM: OpenJDK 64-Bit Server VM (25.202-b03 mixed mode windows-amd64 compressed oops)
Heap:
 PSYoungGen      total 310272K, used 110017K [0x00000000e0000000, 0x00000000f5f00000, 0x0000000100000000)
  eden space 296960K, 32% used [0x00000000e0000000,0x00000000e5e76578,0x00000000f2200000)
  from space 13312K, 99% used [0x00000000f2780000,0x00000000f347a148,0x00000000f3480000)
  to   space 31232K, 0% used [0x00000000f4080000,0x00000000f4080000,0x00000000f5f00000)
 ParOldGen       total 202752K, used 56019K [0x00000000a0000000, 0x00000000ac600000, 0x00000000e0000000)
  object space 202752K, 27% used [0x00000000a0000000,0x00000000a36b4d38,0x00000000ac600000)
 Metaspace       used 101494K, capacity 107849K, committed 108056K, reserved 1142784K
  class space    used 12881K, capacity 14033K, committed 14120K, reserved 1048576K
GC Heap History (10 events):
Event: 4031.526 GC heap before
{Heap before GC invocations=25 (full 4):
 PSYoungGen      total 305152K, used 294095K [0x00000000e0000000, 0x00000000f4f00000, 0x0000000100000000)
  eden space 276480K, 100% used [0x00000000e0000000,0x00000000f0e00000,0x00000000f0e00000)
  from space 28672K, 61% used [0x00000000f3300000,0x00000000f4433e98,0x00000000f4f00000)
  to   space 33280K, 0% used [0x00000000f0e00000,0x00000000f0e00000,0x00000000f2e80000)
 ParOldGen       total 202752K, used 55915K [0x00000000a0000000, 0x00000000ac600000, 0x00000000e0000000)
  object space 202752K, 27% used [0x00000000a0000000,0x00000000a369ad28,0x00000000ac600000)
 Metaspace       used 96901K, capacity 101963K, committed 102040K, reserved 1138688K
  class space    used 12491K, capacity 13423K, committed 13480K, reserved 1048576K
Event: 4031.554 GC heap after
Heap after GC invocations=25 (full 4):
 PSYoungGen      total 309760K, used 11874K [0x00000000e0000000, 0x00000000f5c80000, 0x0000000100000000)
  eden space 276480K, 0% used [0x00000000e0000000,0x00000000e0000000,0x00000000f0e00000)
  from space 33280K, 35% used [0x00000000f0e00000,0x00000000f1998938,0x00000000f2e80000)
  to   space 31744K, 0% used [0x00000000f3d80000,0x00000000f3d80000,0x00000000f5c80000)
 ParOldGen       total 202752K, used 55923K [0x00000000a0000000, 0x00000000ac600000, 0x00000000e0000000)
  object space 202752K, 27% used [0x00000000a0000000,0x00000000a369cd28,0x00000000ac600000)
 Metaspace       used 96901K, capacity 101963K, committed 102040K, reserved 1138688K
  class space    used 12491K, capacity 13423K, committed 13480K, reserved 1048576K
}
Event: 4034.800 GC heap before
{Heap before GC invocations=26 (full 4):
 PSYoungGen      total 309760K, used 288354K [0x00000000e0000000, 0x00000000f5c80000, 0x0000000100000000)
  eden space 276480K, 100% used [0x00000000e0000000,0x00000000f0e00000,0x00000000f0e00000)
  from space 33280K, 35% used [0x00000000f0e00000,0x00000000f1998938,0x00000000f2e80000)
  to   space 31744K, 0% used [0x00000000f3d80000,0x00000000f3d80000,0x00000000f5c80000)
 ParOldGen       total 202752K, used 55923K [0x00000000a0000000, 0x00000000ac600000, 0x00000000e0000000)
  object space 202752K, 27% used [0x00000000a0000000,0x00000000a369cd28,0x00000000ac600000)
 Metaspace       used 97561K, capacity 102619K, committed 102808K, reserved 1138688K
  class space    used 12511K, capacity 13441K, committed 13480K, reserved 1048576K
Event: 4034.834 GC heap after
Heap after GC invocations=26 (full 4):
 PSYoungGen      total 325120K, used 18518K [0x00000000e0000000, 0x00000000f6080000, 0x0000000100000000)
  eden space 293376K, 0% used [0x00000000e0000000,0x00000000e0000000,0x00000000f1e80000)
  from space 31744K, 58% used [0x00000000f3d80000,0x00000000f4f95bc0,0x00000000f5c80000)
  to   space 31744K, 0% used [0x00000000f1e80000,0x00000000f1e80000,0x00000000f3d80000)
 ParOldGen       total 202752K, used 55931K [0x00000000a0000000, 0x00000000ac600000, 0x00000000e0000000)
  object space 202752K, 27% used [0x00000000a0000000,0x00000000a369ed28,0x00000000ac600000)
 Metaspace       used 97561K, capacity 102619K, committed 102808K, reserved 1138688K
  class space    used 12511K, capacity 13441K, committed 13480K, reserved 1048576K
}
Event: 4493.535 GC heap before
{Heap before GC invocations=27 (full 4):
 PSYoungGen      total 325120K, used 311894K [0x00000000e0000000, 0x00000000f6080000, 0x0000000100000000)
  eden space 293376K, 100% used [0x00000000e0000000,0x00000000f1e80000,0x00000000f1e80000)
  from space 31744K, 58% used [0x00000000f3d80000,0x00000000f4f95bc0,0x00000000f5c80000)
  to   space 31744K, 0% used [0x00000000f1e80000,0x00000000f1e80000,0x00000000f3d80000)
 ParOldGen       total 202752K, used 55931K [0x00000000a0000000, 0x00000000ac600000, 0x00000000e0000000)
  object space 202752K, 27% used [0x00000000a0000000,0x00000000a369ed28,0x00000000ac600000)
 Metaspace       used 99362K, capacity 105109K, committed 105240K, reserved 1140736K
  class space    used 12734K, capacity 13772K, committed 13864K, reserved 1048576K
Event: 4493.565 GC heap after
Heap after GC invocations=27 (full 4):
 PSYoungGen      total 325120K, used 14661K [0x00000000e0000000, 0x00000000f6b00000, 0x0000000100000000)
  eden space 293376K, 0% used [0x00000000e0000000,0x00000000e0000000,0x00000000f1e80000)
  from space 31744K, 46% used [0x00000000f1e80000,0x00000000f2cd1400,0x00000000f3d80000)
  to   space 30208K, 0% used [0x00000000f4d80000,0x00000000f4d80000,0x00000000f6b00000)
 ParOldGen       total 202752K, used 56003K [0x00000000a0000000, 0x00000000ac600000, 0x00000000e0000000)
  object space 202752K, 27% used [0x00000000a0000000,0x00000000a36b0d38,0x00000000ac600000)
 Metaspace       used 99362K, capacity 105109K, committed 105240K, reserved 1140736K
  class space    used 12734K, capacity 13772K, committed 13864K, reserved 1048576K
}
Event: 7553.242 GC heap before
{Heap before GC invocations=28 (full 4):
 PSYoungGen      total 325120K, used 308037K [0x00000000e0000000, 0x00000000f6b00000, 0x0000000100000000)
  eden space 293376K, 100% used [0x00000000e0000000,0x00000000f1e80000,0x00000000f1e80000)
  from space 31744K, 46% used [0x00000000f1e80000,0x00000000f2cd1400,0x00000000f3d80000)
  to   space 30208K, 0% used [0x00000000f4d80000,0x00000000f4d80000,0x00000000f6b00000)
 ParOldGen       total 202752K, used 56003K [0x00000000a0000000, 0x00000000ac600000, 0x00000000e0000000)
  object space 202752K, 27% used [0x00000000a0000000,0x00000000a36b0d38,0x00000000ac600000)
 Metaspace       used 100211K, capacity 106349K, committed 106648K, reserved 1142784K
  class space    used 12822K, capacity 13931K, committed 13992K, reserved 1048576K
Event: 7553.325 GC heap after
Heap after GC invocations=28 (full 4):
 PSYoungGen      total 309248K, used 25265K [0x00000000e0000000, 0x00000000f6680000, 0x0000000100000000)
  eden space 283648K, 0% used [0x00000000e0000000,0x00000000e0000000,0x00000000f1500000)
  from space 25600K, 98% used [0x00000000f4d80000,0x00000000f662c590,0x00000000f6680000)
  to   space 32256K, 0% used [0x00000000f2780000,0x00000000f2780000,0x00000000f4700000)
 ParOldGen       total 202752K, used 56011K [0x00000000a0000000, 0x00000000ac600000, 0x00000000e0000000)
  object space 202752K, 27% used [0x00000000a0000000,0x00000000a36b2d38,0x00000000ac600000)
 Metaspace       used 100211K, capacity 106349K, committed 106648K, reserved 1142784K
  class space    used 12822K, capacity 13931K, committed 13992K, reserved 1048576K
}
Event: 7559.525 GC heap before
{Heap before GC invocations=29 (full 4):
 PSYoungGen      total 309248K, used 308913K [0x00000000e0000000, 0x00000000f6680000, 0x0000000100000000)
  eden space 283648K, 100% used [0x00000000e0000000,0x00000000f1500000,0x00000000f1500000)
  from space 25600K, 98% used [0x00000000f4d80000,0x00000000f662c590,0x00000000f6680000)
  to   space 32256K, 0% used [0x00000000f2780000,0x00000000f2780000,0x00000000f4700000)
 ParOldGen       total 202752K, used 56011K [0x00000000a0000000, 0x00000000ac600000, 0x00000000e0000000)
  object space 202752K, 27% used [0x00000000a0000000,0x00000000a36b2d38,0x00000000ac600000)
 Metaspace       used 101443K, capacity 107843K, committed 108056K, reserved 1142784K
  class space    used 12881K, capacity 14032K, committed 14120K, reserved 1048576K
Event: 7559.579 GC heap after
Heap after GC invocations=29 (full 4):
 PSYoungGen      total 310272K, used 13288K [0x00000000e0000000, 0x00000000f5f00000, 0x0000000100000000)
  eden space 296960K, 0% used [0x00000000e0000000,0x00000000e0000000,0x00000000f2200000)
  from space 13312K, 99% used [0x00000000f2780000,0x00000000f347a148,0x00000000f3480000)
  to   space 31232K, 0% used [0x00000000f4080000,0x00000000f4080000,0x00000000f5f00000)
 ParOldGen       total 202752K, used 56019K [0x00000000a0000000, 0x00000000ac600000, 0x00000000e0000000)
  object space 202752K, 27% used [0x00000000a0000000,0x00000000a36b4d38,0x00000000ac600000)
 Metaspace       used 101443K, capacity 107843K, committed 108056K, reserved 1142784K
  class space    used 12881K, capacity 14032K, committed 14120K, reserved 1048576K
}

