# JRE version: OpenJDK Runtime Environment (8.0_202-b03) (build 1.8.0_202-release-1483-b03)
# Java VM: OpenJDK 64-Bit Server VM (25.202-b03 mixed mode windows-amd64 compressed oops)
Heap:
 PSYoungGen      total 127488K, used 30106K [0x00000000e0000000, 0x00000000ebe00000, 0x0000000100000000)
  eden space 116736K, 25% used [0x00000000e0000000,0x00000000e1d66960,0x00000000e7200000)
  from space 10752K, 0% used [0x00000000e7200000,0x00000000e7200000,0x00000000e7c80000)
  to   space 11776K, 0% used [0x00000000eb280000,0x00000000eb280000,0x00000000ebe00000)
 ParOldGen       total 77312K, used 16837K [0x00000000a0000000, 0x00000000a4b80000, 0x00000000e0000000)
  object space 77312K, 21% used [0x00000000a0000000,0x00000000a1071648,0x00000000a4b80000)
 Metaspace       used 39316K, capacity 40060K, committed 40408K, reserved 1083392K
  class space    used 5336K, capacity 5558K, committed 5632K, reserved 1048576K
GC Heap History (10 events):
Event: 7.729 GC heap before
{Heap before GC invocations=7 (full 1):
 PSYoungGen      total 75776K, used 6578K [0x00000000e0000000, 0x00000000e5400000, 0x0000000100000000)
  eden space 66560K, 0% used [0x00000000e0000000,0x00000000e0000000,0x00000000e4100000)
  from space 9216K, 71% used [0x00000000e4b00000,0x00000000e516c848,0x00000000e5400000)
  to   space 9728K, 0% used [0x00000000e4100000,0x00000000e4100000,0x00000000e4a80000)
 ParOldGen       total 87552K, used 8591K [0x00000000a0000000, 0x00000000a5580000, 0x00000000e0000000)
  object space 87552K, 9% used [0x00000000a0000000,0x00000000a0863d88,0x00000000a5580000)
 Metaspace       used 20709K, capacity 21132K, committed 21248K, reserved 1067008K
  class space    used 2916K, capacity 3066K, committed 3072K, reserved 1048576K
Event: 7.783 GC heap after
Heap after GC invocations=7 (full 1):
 PSYoungGen      total 75776K, used 0K [0x00000000e0000000, 0x00000000e5400000, 0x0000000100000000)
  eden space 66560K, 0% used [0x00000000e0000000,0x00000000e0000000,0x00000000e4100000)
  from space 9216K, 0% used [0x00000000e4b00000,0x00000000e4b00000,0x00000000e5400000)
  to   space 9728K, 0% used [0x00000000e4100000,0x00000000e4100000,0x00000000e4a80000)
 ParOldGen       total 52224K, used 7617K [0x00000000a0000000, 0x00000000a3300000, 0x00000000e0000000)
  object space 52224K, 14% used [0x00000000a0000000,0x00000000a0770668,0x00000000a3300000)
 Metaspace       used 20709K, capacity 21132K, committed 21248K, reserved 1067008K
  class space    used 2916K, capacity 3066K, committed 3072K, reserved 1048576K
}
Event: 9.572 GC heap before
{Heap before GC invocations=8 (full 1):
 PSYoungGen      total 75776K, used 66560K [0x00000000e0000000, 0x00000000e5400000, 0x0000000100000000)
  eden space 66560K, 100% used [0x00000000e0000000,0x00000000e4100000,0x00000000e4100000)
  from space 9216K, 0% used [0x00000000e4b00000,0x00000000e4b00000,0x00000000e5400000)
  to   space 9728K, 0% used [0x00000000e4100000,0x00000000e4100000,0x00000000e4a80000)
 ParOldGen       total 52224K, used 7617K [0x00000000a0000000, 0x00000000a3300000, 0x00000000e0000000)
  object space 52224K, 14% used [0x00000000a0000000,0x00000000a0770668,0x00000000a3300000)
 Metaspace       used 28668K, capacity 29132K, committed 29440K, reserved 1075200K
  class space    used 3859K, capacity 4015K, committed 4096K, reserved 1048576K
Event: 9.586 GC heap after
Heap after GC invocations=8 (full 1):
 PSYoungGen      total 76288K, used 7768K [0x00000000e0000000, 0x00000000e8800000, 0x0000000100000000)
  eden space 66560K, 0% used [0x00000000e0000000,0x00000000e0000000,0x00000000e4100000)
  from space 9728K, 79% used [0x00000000e4100000,0x00000000e4896278,0x00000000e4a80000)
  to   space 10240K, 0% used [0x00000000e7e00000,0x00000000e7e00000,0x00000000e8800000)
 ParOldGen       total 52224K, used 7625K [0x00000000a0000000, 0x00000000a3300000, 0x00000000e0000000)
  object space 52224K, 14% used [0x00000000a0000000,0x00000000a0772668,0x00000000a3300000)
 Metaspace       used 28668K, capacity 29132K, committed 29440K, reserved 1075200K
  class space    used 3859K, capacity 4015K, committed 4096K, reserved 1048576K
}
Event: 10.611 GC heap before
{Heap before GC invocations=9 (full 1):
 PSYoungGen      total 76288K, used 74328K [0x00000000e0000000, 0x00000000e8800000, 0x0000000100000000)
  eden space 66560K, 100% used [0x00000000e0000000,0x00000000e4100000,0x00000000e4100000)
  from space 9728K, 79% used [0x00000000e4100000,0x00000000e4896278,0x00000000e4a80000)
  to   space 10240K, 0% used [0x00000000e7e00000,0x00000000e7e00000,0x00000000e8800000)
 ParOldGen       total 52224K, used 7625K [0x00000000a0000000, 0x00000000a3300000, 0x00000000e0000000)
  object space 52224K, 14% used [0x00000000a0000000,0x00000000a0772668,0x00000000a3300000)
 Metaspace       used 32069K, capacity 32644K, committed 33024K, reserved 1077248K
  class space    used 4409K, capacity 4567K, committed 4608K, reserved 1048576K
Event: 10.622 GC heap after
Heap after GC invocations=9 (full 1):
 PSYoungGen      total 125952K, used 8719K [0x00000000e0000000, 0x00000000e8700000, 0x0000000100000000)
  eden space 116736K, 0% used [0x00000000e0000000,0x00000000e0000000,0x00000000e7200000)
  from space 9216K, 94% used [0x00000000e7e00000,0x00000000e8683e88,0x00000000e8700000)
  to   space 10752K, 0% used [0x00000000e7200000,0x00000000e7200000,0x00000000e7c80000)
 ParOldGen       total 52224K, used 7633K [0x00000000a0000000, 0x00000000a3300000, 0x00000000e0000000)
  object space 52224K, 14% used [0x00000000a0000000,0x00000000a0774668,0x00000000a3300000)
 Metaspace       used 32069K, capacity 32644K, committed 33024K, reserved 1077248K
  class space    used 4409K, capacity 4567K, committed 4608K, reserved 1048576K
}
Event: 11.755 GC heap before
{Heap before GC invocations=10 (full 1):
 PSYoungGen      total 125952K, used 57590K [0x00000000e0000000, 0x00000000e8700000, 0x0000000100000000)
  eden space 116736K, 41% used [0x00000000e0000000,0x00000000e2fb9ba8,0x00000000e7200000)
  from space 9216K, 94% used [0x00000000e7e00000,0x00000000e8683e88,0x00000000e8700000)
  to   space 10752K, 0% used [0x00000000e7200000,0x00000000e7200000,0x00000000e7c80000)
 ParOldGen       total 52224K, used 7633K [0x00000000a0000000, 0x00000000a3300000, 0x00000000e0000000)
  object space 52224K, 14% used [0x00000000a0000000,0x00000000a0774668,0x00000000a3300000)
 Metaspace       used 34577K, capacity 35196K, committed 35416K, reserved 1079296K
  class space    used 4746K, capacity 4937K, committed 4992K, reserved 1048576K
Event: 11.790 GC heap after
Heap after GC invocations=10 (full 1):
 PSYoungGen      total 127488K, used 10173K [0x00000000e0000000, 0x00000000ebe00000, 0x0000000100000000)
  eden space 116736K, 0% used [0x00000000e0000000,0x00000000e0000000,0x00000000e7200000)
  from space 10752K, 94% used [0x00000000e7200000,0x00000000e7bef5c0,0x00000000e7c80000)
  to   space 11776K, 0% used [0x00000000eb280000,0x00000000eb280000,0x00000000ebe00000)
 ParOldGen       total 52224K, used 7641K [0x00000000a0000000, 0x00000000a3300000, 0x00000000e0000000)
  object space 52224K, 14% used [0x00000000a0000000,0x00000000a0776668,0x00000000a3300000)
 Metaspace       used 34577K, capacity 35196K, committed 35416K, reserved 1079296K
  class space    used 4746K, capacity 4937K, committed 4992K, reserved 1048576K
}
Event: 11.790 GC heap before
{Heap before GC invocations=11 (full 2):
 PSYoungGen      total 127488K, used 10173K [0x00000000e0000000, 0x00000000ebe00000, 0x0000000100000000)
  eden space 116736K, 0% used [0x00000000e0000000,0x00000000e0000000,0x00000000e7200000)
  from space 10752K, 94% used [0x00000000e7200000,0x00000000e7bef5c0,0x00000000e7c80000)
  to   space 11776K, 0% used [0x00000000eb280000,0x00000000eb280000,0x00000000ebe00000)
 ParOldGen       total 52224K, used 7641K [0x00000000a0000000, 0x00000000a3300000, 0x00000000e0000000)
  object space 52224K, 14% used [0x00000000a0000000,0x00000000a0776668,0x00000000a3300000)
 Metaspace       used 34577K, capacity 35196K, committed 35416K, reserved 1079296K
  class space    used 4746K, capacity 4937K, committed 4992K, reserved 1048576K
Event: 11.888 GC heap after
Heap after GC invocations=11 (full 2):
 PSYoungGen      total 127488K, used 0K [0x00000000e0000000, 0x00000000ebe00000, 0x0000000100000000)
  eden space 116736K, 0% used [0x00000000e0000000,0x00000000e0000000,0x00000000e7200000)
  from space 10752K, 0% used [0x00000000e7200000,0x00000000e7200000,0x00000000e7c80000)
  to   space 11776K, 0% used [0x00000000eb280000,0x00000000eb280000,0x00000000ebe00000)
 ParOldGen       total 77312K, used 16837K [0x00000000a0000000, 0x00000000a4b80000, 0x00000000e0000000)
  object space 77312K, 21% used [0x00000000a0000000,0x00000000a1071648,0x00000000a4b80000)
 Metaspace       used 34577K, capacity 35196K, committed 35416K, reserved 1079296K
  class space    used 4746K, capacity 4937K, committed 4992K, reserved 1048576K
}

