# JRE version: OpenJDK Runtime Environment (8.0_202-b03) (build 1.8.0_202-release-1483-b03)
# Java VM: OpenJDK 64-Bit Server VM (25.202-b03 mixed mode windows-amd64 compressed oops)
Heap:
 PSYoungGen      total 214528K, used 82992K [0x00000000e0000000, 0x00000000f1e00000, 0x0000000100000000)
  eden space 168960K, 28% used [0x00000000e0000000,0x00000000e2ebd460,0x00000000ea500000)
  from space 45568K, 77% used [0x00000000ea500000,0x00000000ec74ee38,0x00000000ed180000)
  to   space 48640K, 0% used [0x00000000eee80000,0x00000000eee80000,0x00000000f1e00000)
 ParOldGen       total 174080K, used 70152K [0x00000000a0000000, 0x00000000aaa00000, 0x00000000e0000000)
  object space 174080K, 40% used [0x00000000a0000000,0x00000000a44821d8,0x00000000aaa00000)
 Metaspace       used 129580K, capacity 133833K, committed 133976K, reserved 1165312K
  class space    used 16367K, capacity 17247K, committed 17280K, reserved 1048576K
GC Heap History (10 events):
Event: 1629.076 GC heap before
{Heap before GC invocations=33 (full 4):
 PSYoungGen      total 182784K, used 171613K [0x00000000e0000000, 0x00000000ed200000, 0x0000000100000000)
  eden space 158720K, 100% used [0x00000000e0000000,0x00000000e9b00000,0x00000000e9b00000)
  from space 24064K, 53% used [0x00000000eba80000,0x00000000ec717540,0x00000000ed200000)
  to   space 28160K, 0% used [0x00000000e9b00000,0x00000000e9b00000,0x00000000eb680000)
 ParOldGen       total 174080K, used 52272K [0x00000000a0000000, 0x00000000aaa00000, 0x00000000e0000000)
  object space 174080K, 30% used [0x00000000a0000000,0x00000000a330c0c0,0x00000000aaa00000)
 Metaspace       used 96405K, capacity 100135K, committed 100312K, reserved 1136640K
  class space    used 12239K, capacity 12963K, committed 13056K, reserved 1048576K
Event: 1629.101 GC heap after
Heap after GC invocations=33 (full 4):
 PSYoungGen      total 186880K, used 18831K [0x00000000e0000000, 0x00000000edc80000, 0x0000000100000000)
  eden space 158720K, 0% used [0x00000000e0000000,0x00000000e0000000,0x00000000e9b00000)
  from space 28160K, 66% used [0x00000000e9b00000,0x00000000ead63f10,0x00000000eb680000)
  to   space 28672K, 0% used [0x00000000ec080000,0x00000000ec080000,0x00000000edc80000)
 ParOldGen       total 174080K, used 52280K [0x00000000a0000000, 0x00000000aaa00000, 0x00000000e0000000)
  object space 174080K, 30% used [0x00000000a0000000,0x00000000a330e0c0,0x00000000aaa00000)
 Metaspace       used 96405K, capacity 100135K, committed 100312K, reserved 1136640K
  class space    used 12239K, capacity 12963K, committed 13056K, reserved 1048576K
}
Event: 1633.035 GC heap before
{Heap before GC invocations=34 (full 4):
 PSYoungGen      total 186880K, used 177551K [0x00000000e0000000, 0x00000000edc80000, 0x0000000100000000)
  eden space 158720K, 100% used [0x00000000e0000000,0x00000000e9b00000,0x00000000e9b00000)
  from space 28160K, 66% used [0x00000000e9b00000,0x00000000ead63f10,0x00000000eb680000)
  to   space 28672K, 0% used [0x00000000ec080000,0x00000000ec080000,0x00000000edc80000)
 ParOldGen       total 174080K, used 52280K [0x00000000a0000000, 0x00000000aaa00000, 0x00000000e0000000)
  object space 174080K, 30% used [0x00000000a0000000,0x00000000a330e0c0,0x00000000aaa00000)
 Metaspace       used 121463K, capacity 125613K, committed 125784K, reserved 1159168K
  class space    used 15627K, capacity 16441K, committed 16512K, reserved 1048576K
Event: 1633.094 GC heap after
Heap after GC invocations=34 (full 4):
 PSYoungGen      total 186368K, used 28666K [0x00000000e0000000, 0x00000000ef500000, 0x0000000100000000)
  eden space 157696K, 0% used [0x00000000e0000000,0x00000000e0000000,0x00000000e9a00000)
  from space 28672K, 99% used [0x00000000ec080000,0x00000000edc7e918,0x00000000edc80000)
  to   space 39424K, 0% used [0x00000000e9a00000,0x00000000e9a00000,0x00000000ec080000)
 ParOldGen       total 174080K, used 70128K [0x00000000a0000000, 0x00000000aaa00000, 0x00000000e0000000)
  object space 174080K, 40% used [0x00000000a0000000,0x00000000a447c1d8,0x00000000aaa00000)
 Metaspace       used 121463K, capacity 125613K, committed 125784K, reserved 1159168K
  class space    used 15627K, capacity 16441K, committed 16512K, reserved 1048576K
}
Event: 1642.191 GC heap before
{Heap before GC invocations=35 (full 4):
 PSYoungGen      total 186368K, used 186362K [0x00000000e0000000, 0x00000000ef500000, 0x0000000100000000)
  eden space 157696K, 100% used [0x00000000e0000000,0x00000000e9a00000,0x00000000e9a00000)
  from space 28672K, 99% used [0x00000000ec080000,0x00000000edc7e918,0x00000000edc80000)
  to   space 39424K, 0% used [0x00000000e9a00000,0x00000000e9a00000,0x00000000ec080000)
 ParOldGen       total 174080K, used 70128K [0x00000000a0000000, 0x00000000aaa00000, 0x00000000e0000000)
  object space 174080K, 40% used [0x00000000a0000000,0x00000000a447c1d8,0x00000000aaa00000)
 Metaspace       used 129130K, capacity 133397K, committed 133464K, reserved 1165312K
  class space    used 16346K, capacity 17233K, committed 17280K, reserved 1048576K
Event: 1642.249 GC heap after
Heap after GC invocations=35 (full 4):
 PSYoungGen      total 197120K, used 34256K [0x00000000e0000000, 0x00000000efc00000, 0x0000000100000000)
  eden space 157696K, 0% used [0x00000000e0000000,0x00000000e0000000,0x00000000e9a00000)
  from space 39424K, 86% used [0x00000000e9a00000,0x00000000ebb741d8,0x00000000ec080000)
  to   space 43520K, 0% used [0x00000000ed180000,0x00000000ed180000,0x00000000efc00000)
 ParOldGen       total 174080K, used 70136K [0x00000000a0000000, 0x00000000aaa00000, 0x00000000e0000000)
  object space 174080K, 40% used [0x00000000a0000000,0x00000000a447e1d8,0x00000000aaa00000)
 Metaspace       used 129130K, capacity 133397K, committed 133464K, reserved 1165312K
  class space    used 16346K, capacity 17233K, committed 17280K, reserved 1048576K
}
Event: 1643.391 GC heap before
{Heap before GC invocations=36 (full 4):
 PSYoungGen      total 197120K, used 191952K [0x00000000e0000000, 0x00000000efc00000, 0x0000000100000000)
  eden space 157696K, 100% used [0x00000000e0000000,0x00000000e9a00000,0x00000000e9a00000)
  from space 39424K, 86% used [0x00000000e9a00000,0x00000000ebb741d8,0x00000000ec080000)
  to   space 43520K, 0% used [0x00000000ed180000,0x00000000ed180000,0x00000000efc00000)
 ParOldGen       total 174080K, used 70136K [0x00000000a0000000, 0x00000000aaa00000, 0x00000000e0000000)
  object space 174080K, 40% used [0x00000000a0000000,0x00000000a447e1d8,0x00000000aaa00000)
 Metaspace       used 129430K, capacity 133733K, committed 133976K, reserved 1165312K
  class space    used 16352K, capacity 17243K, committed 17280K, reserved 1048576K
Event: 1643.443 GC heap after
Heap after GC invocations=36 (full 4):
 PSYoungGen      total 212480K, used 31007K [0x00000000e0000000, 0x00000000f0880000, 0x0000000100000000)
  eden space 168960K, 0% used [0x00000000e0000000,0x00000000e0000000,0x00000000ea500000)
  from space 43520K, 71% used [0x00000000ed180000,0x00000000eefc7da0,0x00000000efc00000)
  to   space 45568K, 0% used [0x00000000ea500000,0x00000000ea500000,0x00000000ed180000)
 ParOldGen       total 174080K, used 70144K [0x00000000a0000000, 0x00000000aaa00000, 0x00000000e0000000)
  object space 174080K, 40% used [0x00000000a0000000,0x00000000a44801d8,0x00000000aaa00000)
 Metaspace       used 129430K, capacity 133733K, committed 133976K, reserved 1165312K
  class space    used 16352K, capacity 17243K, committed 17280K, reserved 1048576K
}
Event: 1644.273 GC heap before
{Heap before GC invocations=37 (full 4):
 PSYoungGen      total 212480K, used 199967K [0x00000000e0000000, 0x00000000f0880000, 0x0000000100000000)
  eden space 168960K, 100% used [0x00000000e0000000,0x00000000ea500000,0x00000000ea500000)
  from space 43520K, 71% used [0x00000000ed180000,0x00000000eefc7da0,0x00000000efc00000)
  to   space 45568K, 0% used [0x00000000ea500000,0x00000000ea500000,0x00000000ed180000)
 ParOldGen       total 174080K, used 70144K [0x00000000a0000000, 0x00000000aaa00000, 0x00000000e0000000)
  object space 174080K, 40% used [0x00000000a0000000,0x00000000a44801d8,0x00000000aaa00000)
 Metaspace       used 129572K, capacity 133833K, committed 133976K, reserved 1165312K
  class space    used 16367K, capacity 17247K, committed 17280K, reserved 1048576K
Event: 1644.343 GC heap after
Heap after GC invocations=37 (full 4):
 PSYoungGen      total 214528K, used 35131K [0x00000000e0000000, 0x00000000f1e00000, 0x0000000100000000)
  eden space 168960K, 0% used [0x00000000e0000000,0x00000000e0000000,0x00000000ea500000)
  from space 45568K, 77% used [0x00000000ea500000,0x00000000ec74ee38,0x00000000ed180000)
  to   space 48640K, 0% used [0x00000000eee80000,0x00000000eee80000,0x00000000f1e00000)
 ParOldGen       total 174080K, used 70152K [0x00000000a0000000, 0x00000000aaa00000, 0x00000000e0000000)
  object space 174080K, 40% used [0x00000000a0000000,0x00000000a44821d8,0x00000000aaa00000)
 Metaspace       used 129572K, capacity 133833K, committed 133976K, reserved 1165312K
  class space    used 16367K, capacity 17247K, committed 17280K, reserved 1048576K
}

