# JRE version: OpenJDK Runtime Environment (8.0_202-b03) (build 1.8.0_202-release-1483-b03)
# Java VM: OpenJDK 64-Bit Server VM (25.202-b03 mixed mode windows-amd64 compressed oops)
Heap:
 PSYoungGen      total 246272K, used 208333K [0x00000000e0000000, 0x00000000f4100000, 0x0000000100000000)
  eden space 219136K, 95% used [0x00000000e0000000,0x00000000ecb73508,0x00000000ed600000)
  from space 27136K, 0% used [0x00000000ed600000,0x00000000ed600000,0x00000000ef080000)
  to   space 29696K, 0% used [0x00000000f2400000,0x00000000f2400000,0x00000000f4100000)
 ParOldGen       total 196608K, used 66154K [0x00000000a0000000, 0x00000000ac000000, 0x00000000e0000000)
  object space 196608K, 33% used [0x00000000a0000000,0x00000000a409a8d8,0x00000000ac000000)
 Metaspace       used 108227K, capacity 111476K, committed 111820K, reserved 1146880K
  class space    used 14032K, capacity 14762K, committed 14836K, reserved 1048576K
GC Heap History (10 events):
Event: 11.609 GC heap before
{Heap before GC invocations=15 (full 3):
 PSYoungGen      total 198144K, used 1210K [0x00000000e0000000, 0x00000000eed00000, 0x0000000100000000)
  eden space 179712K, 0% used [0x00000000e0000000,0x00000000e0000000,0x00000000eaf80000)
  from space 18432K, 6% used [0x00000000ec200000,0x00000000ec32e968,0x00000000ed400000)
  to   space 18944K, 0% used [0x00000000eaf80000,0x00000000eaf80000,0x00000000ec200000)
 ParOldGen       total 86016K, used 34642K [0x00000000a0000000, 0x00000000a5400000, 0x00000000e0000000)
  object space 86016K, 40% used [0x00000000a0000000,0x00000000a21d4a80,0x00000000a5400000)
 Metaspace       used 57411K, capacity 58980K, committed 59028K, reserved 1099776K
  class space    used 7802K, capacity 8167K, committed 8192K, reserved 1048576K
Event: 11.933 GC heap after
Heap after GC invocations=15 (full 3):
 PSYoungGen      total 198144K, used 0K [0x00000000e0000000, 0x00000000eed00000, 0x0000000100000000)
  eden space 179712K, 0% used [0x00000000e0000000,0x00000000e0000000,0x00000000eaf80000)
  from space 18432K, 0% used [0x00000000ec200000,0x00000000ec200000,0x00000000ed400000)
  to   space 18944K, 0% used [0x00000000eaf80000,0x00000000eaf80000,0x00000000ec200000)
 ParOldGen       total 121856K, used 28836K [0x00000000a0000000, 0x00000000a7700000, 0x00000000e0000000)
  object space 121856K, 23% used [0x00000000a0000000,0x00000000a1c29168,0x00000000a7700000)
 Metaspace       used 57411K, capacity 58980K, committed 59028K, reserved 1099776K
  class space    used 7802K, capacity 8167K, committed 8192K, reserved 1048576K
}
Event: 24.129 GC heap before
{Heap before GC invocations=16 (full 3):
 PSYoungGen      total 198144K, used 179712K [0x00000000e0000000, 0x00000000eed00000, 0x0000000100000000)
  eden space 179712K, 100% used [0x00000000e0000000,0x00000000eaf80000,0x00000000eaf80000)
  from space 18432K, 0% used [0x00000000ec200000,0x00000000ec200000,0x00000000ed400000)
  to   space 18944K, 0% used [0x00000000eaf80000,0x00000000eaf80000,0x00000000ec200000)
 ParOldGen       total 121856K, used 28836K [0x00000000a0000000, 0x00000000a7700000, 0x00000000e0000000)
  object space 121856K, 23% used [0x00000000a0000000,0x00000000a1c29168,0x00000000a7700000)
 Metaspace       used 63719K, capacity 65676K, committed 65880K, reserved 1105920K
  class space    used 8400K, capacity 8827K, committed 8832K, reserved 1048576K
Event: 24.147 GC heap after
Heap after GC invocations=16 (full 3):
 PSYoungGen      total 198656K, used 14195K [0x00000000e0000000, 0x00000000f0400000, 0x0000000100000000)
  eden space 179712K, 0% used [0x00000000e0000000,0x00000000e0000000,0x00000000eaf80000)
  from space 18944K, 74% used [0x00000000eaf80000,0x00000000ebd5cd68,0x00000000ec200000)
  to   space 19968K, 0% used [0x00000000ef080000,0x00000000ef080000,0x00000000f0400000)
 ParOldGen       total 121856K, used 28844K [0x00000000a0000000, 0x00000000a7700000, 0x00000000e0000000)
  object space 121856K, 23% used [0x00000000a0000000,0x00000000a1c2b168,0x00000000a7700000)
 Metaspace       used 63719K, capacity 65676K, committed 65880K, reserved 1105920K
  class space    used 8400K, capacity 8827K, committed 8832K, reserved 1048576K
}
Event: 27.867 GC heap before
{Heap before GC invocations=17 (full 3):
 PSYoungGen      total 198656K, used 193907K [0x00000000e0000000, 0x00000000f0400000, 0x0000000100000000)
  eden space 179712K, 100% used [0x00000000e0000000,0x00000000eaf80000,0x00000000eaf80000)
  from space 18944K, 74% used [0x00000000eaf80000,0x00000000ebd5cd68,0x00000000ec200000)
  to   space 19968K, 0% used [0x00000000ef080000,0x00000000ef080000,0x00000000f0400000)
 ParOldGen       total 121856K, used 28844K [0x00000000a0000000, 0x00000000a7700000, 0x00000000e0000000)
  object space 121856K, 23% used [0x00000000a0000000,0x00000000a1c2b168,0x00000000a7700000)
 Metaspace       used 76980K, capacity 79442K, committed 79576K, reserved 1118208K
  class space    used 9866K, capacity 10386K, committed 10496K, reserved 1048576K
Event: 27.916 GC heap after
Heap after GC invocations=17 (full 3):
 PSYoungGen      total 239104K, used 19944K [0x00000000e0000000, 0x00000000f0e80000, 0x0000000100000000)
  eden space 219136K, 0% used [0x00000000e0000000,0x00000000e0000000,0x00000000ed600000)
  from space 19968K, 99% used [0x00000000ef080000,0x00000000f03fa0f0,0x00000000f0400000)
  to   space 27136K, 0% used [0x00000000ed600000,0x00000000ed600000,0x00000000ef080000)
 ParOldGen       total 121856K, used 39873K [0x00000000a0000000, 0x00000000a7700000, 0x00000000e0000000)
  object space 121856K, 32% used [0x00000000a0000000,0x00000000a26f0520,0x00000000a7700000)
 Metaspace       used 76980K, capacity 79442K, committed 79576K, reserved 1118208K
  class space    used 9866K, capacity 10386K, committed 10496K, reserved 1048576K
}
Event: 30.149 GC heap before
{Heap before GC invocations=18 (full 3):
 PSYoungGen      total 239104K, used 114987K [0x00000000e0000000, 0x00000000f0e80000, 0x0000000100000000)
  eden space 219136K, 43% used [0x00000000e0000000,0x00000000e5cd0d90,0x00000000ed600000)
  from space 19968K, 99% used [0x00000000ef080000,0x00000000f03fa0f0,0x00000000f0400000)
  to   space 27136K, 0% used [0x00000000ed600000,0x00000000ed600000,0x00000000ef080000)
 ParOldGen       total 121856K, used 39873K [0x00000000a0000000, 0x00000000a7700000, 0x00000000e0000000)
  object space 121856K, 32% used [0x00000000a0000000,0x00000000a26f0520,0x00000000a7700000)
 Metaspace       used 95630K, capacity 98158K, committed 98380K, reserved 1134592K
  class space    used 12483K, capacity 13065K, committed 13172K, reserved 1048576K
Event: 30.190 GC heap after
Heap after GC invocations=18 (full 3):
 PSYoungGen      total 246272K, used 22515K [0x00000000e0000000, 0x00000000f4100000, 0x0000000100000000)
  eden space 219136K, 0% used [0x00000000e0000000,0x00000000e0000000,0x00000000ed600000)
  from space 27136K, 82% used [0x00000000ed600000,0x00000000eebfcef8,0x00000000ef080000)
  to   space 29696K, 0% used [0x00000000f2400000,0x00000000f2400000,0x00000000f4100000)
 ParOldGen       total 121856K, used 59558K [0x00000000a0000000, 0x00000000a7700000, 0x00000000e0000000)
  object space 121856K, 48% used [0x00000000a0000000,0x00000000a3a29a18,0x00000000a7700000)
 Metaspace       used 95630K, capacity 98158K, committed 98380K, reserved 1134592K
  class space    used 12483K, capacity 13065K, committed 13172K, reserved 1048576K
}
Event: 30.190 GC heap before
{Heap before GC invocations=19 (full 4):
 PSYoungGen      total 246272K, used 22515K [0x00000000e0000000, 0x00000000f4100000, 0x0000000100000000)
  eden space 219136K, 0% used [0x00000000e0000000,0x00000000e0000000,0x00000000ed600000)
  from space 27136K, 82% used [0x00000000ed600000,0x00000000eebfcef8,0x00000000ef080000)
  to   space 29696K, 0% used [0x00000000f2400000,0x00000000f2400000,0x00000000f4100000)
 ParOldGen       total 121856K, used 59558K [0x00000000a0000000, 0x00000000a7700000, 0x00000000e0000000)
  object space 121856K, 48% used [0x00000000a0000000,0x00000000a3a29a18,0x00000000a7700000)
 Metaspace       used 95630K, capacity 98158K, committed 98380K, reserved 1134592K
  class space    used 12483K, capacity 13065K, committed 13172K, reserved 1048576K
Event: 30.457 GC heap after
Heap after GC invocations=19 (full 4):
 PSYoungGen      total 246272K, used 0K [0x00000000e0000000, 0x00000000f4100000, 0x0000000100000000)
  eden space 219136K, 0% used [0x00000000e0000000,0x00000000e0000000,0x00000000ed600000)
  from space 27136K, 0% used [0x00000000ed600000,0x00000000ed600000,0x00000000ef080000)
  to   space 29696K, 0% used [0x00000000f2400000,0x00000000f2400000,0x00000000f4100000)
 ParOldGen       total 196608K, used 66154K [0x00000000a0000000, 0x00000000ac000000, 0x00000000e0000000)
  object space 196608K, 33% used [0x00000000a0000000,0x00000000a409a8d8,0x00000000ac000000)
 Metaspace       used 95554K, capacity 97932K, committed 98380K, reserved 1134592K
  class space    used 12459K, capacity 13024K, committed 13172K, reserved 1048576K
}

