# JRE version: OpenJDK Runtime Environment (8.0_202-b03) (build 1.8.0_202-release-1483-b03)
# Java VM: OpenJDK 64-Bit Server VM (25.202-b03 mixed mode windows-amd64 compressed oops)
Heap:
 PSYoungGen      total 265216K, used 175357K [0x00000000e0000000, 0x00000000f3080000, 0x0000000100000000)
  eden space 235008K, 68% used [0x00000000e0000000,0x00000000e9d47120,0x00000000ee580000)
  from space 30208K, 47% used [0x00000000ee580000,0x00000000ef378680,0x00000000f0300000)
  to   space 16384K, 0% used [0x00000000f0300000,0x00000000f0300000,0x00000000f1300000)
 ParOldGen       total 185856K, used 95732K [0x00000000a0000000, 0x00000000ab580000, 0x00000000e0000000)
  object space 185856K, 51% used [0x00000000a0000000,0x00000000a5d7d1b8,0x00000000ab580000)
 Metaspace       used 125498K, capacity 129791K, committed 130008K, reserved 1163264K
  class space    used 15924K, capacity 16816K, committed 16896K, reserved 1048576K
GC Heap History (10 events):
Event: 742.592 GC heap before
{Heap before GC invocations=25 (full 4):
 PSYoungGen      total 251392K, used 235008K [0x00000000e0000000, 0x00000000f3080000, 0x0000000100000000)
  eden space 235008K, 100% used [0x00000000e0000000,0x00000000ee580000,0x00000000ee580000)
  from space 16384K, 0% used [0x00000000f0300000,0x00000000f0300000,0x00000000f1300000)
  to   space 30208K, 0% used [0x00000000ee580000,0x00000000ee580000,0x00000000f0300000)
 ParOldGen       total 185856K, used 49318K [0x00000000a0000000, 0x00000000ab580000, 0x00000000e0000000)
  object space 185856K, 26% used [0x00000000a0000000,0x00000000a3029af0,0x00000000ab580000)
 Metaspace       used 124774K, capacity 128995K, committed 129496K, reserved 1161216K
  class space    used 15892K, capacity 16792K, committed 16896K, reserved 1048576K
Event: 742.653 GC heap after
Heap after GC invocations=25 (full 4):
 PSYoungGen      total 265216K, used 30204K [0x00000000e0000000, 0x00000000f3080000, 0x0000000100000000)
  eden space 235008K, 0% used [0x00000000e0000000,0x00000000e0000000,0x00000000ee580000)
  from space 30208K, 99% used [0x00000000ee580000,0x00000000f02ff2e0,0x00000000f0300000)
  to   space 16384K, 0% used [0x00000000f0300000,0x00000000f0300000,0x00000000f1300000)
 ParOldGen       total 185856K, used 65971K [0x00000000a0000000, 0x00000000ab580000, 0x00000000e0000000)
  object space 185856K, 35% used [0x00000000a0000000,0x00000000a406ccc8,0x00000000ab580000)
 Metaspace       used 124774K, capacity 128995K, committed 129496K, reserved 1161216K
  class space    used 15892K, capacity 16792K, committed 16896K, reserved 1048576K
}
Event: 744.514 GC heap before
{Heap before GC invocations=26 (full 4):
 PSYoungGen      total 265216K, used 265212K [0x00000000e0000000, 0x00000000f3080000, 0x0000000100000000)
  eden space 235008K, 100% used [0x00000000e0000000,0x00000000ee580000,0x00000000ee580000)
  from space 30208K, 99% used [0x00000000ee580000,0x00000000f02ff2e0,0x00000000f0300000)
  to   space 16384K, 0% used [0x00000000f0300000,0x00000000f0300000,0x00000000f1300000)
 ParOldGen       total 185856K, used 65971K [0x00000000a0000000, 0x00000000ab580000, 0x00000000e0000000)
  object space 185856K, 35% used [0x00000000a0000000,0x00000000a406ccc8,0x00000000ab580000)
 Metaspace       used 125310K, capacity 129543K, committed 130008K, reserved 1163264K
  class space    used 15917K, capacity 16806K, committed 16896K, reserved 1048576K
Event: 744.564 GC heap after
Heap after GC invocations=26 (full 4):
 PSYoungGen      total 251392K, used 16378K [0x00000000e0000000, 0x00000000f3080000, 0x0000000100000000)
  eden space 235008K, 0% used [0x00000000e0000000,0x00000000e0000000,0x00000000ee580000)
  from space 16384K, 99% used [0x00000000f0300000,0x00000000f12fe830,0x00000000f1300000)
  to   space 30208K, 0% used [0x00000000ee580000,0x00000000ee580000,0x00000000f0300000)
 ParOldGen       total 185856K, used 73234K [0x00000000a0000000, 0x00000000ab580000, 0x00000000e0000000)
  object space 185856K, 39% used [0x00000000a0000000,0x00000000a4784940,0x00000000ab580000)
 Metaspace       used 125310K, capacity 129543K, committed 130008K, reserved 1163264K
  class space    used 15917K, capacity 16806K, committed 16896K, reserved 1048576K
}
Event: 745.882 GC heap before
{Heap before GC invocations=27 (full 4):
 PSYoungGen      total 251392K, used 251386K [0x00000000e0000000, 0x00000000f3080000, 0x0000000100000000)
  eden space 235008K, 100% used [0x00000000e0000000,0x00000000ee580000,0x00000000ee580000)
  from space 16384K, 99% used [0x00000000f0300000,0x00000000f12fe830,0x00000000f1300000)
  to   space 30208K, 0% used [0x00000000ee580000,0x00000000ee580000,0x00000000f0300000)
 ParOldGen       total 185856K, used 73234K [0x00000000a0000000, 0x00000000ab580000, 0x00000000e0000000)
  object space 185856K, 39% used [0x00000000a0000000,0x00000000a4784940,0x00000000ab580000)
 Metaspace       used 125397K, capacity 129639K, committed 130008K, reserved 1163264K
  class space    used 15921K, capacity 16812K, committed 16896K, reserved 1048576K
Event: 745.915 GC heap after
Heap after GC invocations=27 (full 4):
 PSYoungGen      total 265216K, used 24170K [0x00000000e0000000, 0x00000000f3080000, 0x0000000100000000)
  eden space 235008K, 0% used [0x00000000e0000000,0x00000000e0000000,0x00000000ee580000)
  from space 30208K, 80% used [0x00000000ee580000,0x00000000efd1a8d0,0x00000000f0300000)
  to   space 16384K, 0% used [0x00000000f0300000,0x00000000f0300000,0x00000000f1300000)
 ParOldGen       total 185856K, used 73242K [0x00000000a0000000, 0x00000000ab580000, 0x00000000e0000000)
  object space 185856K, 39% used [0x00000000a0000000,0x00000000a4786940,0x00000000ab580000)
 Metaspace       used 125397K, capacity 129639K, committed 130008K, reserved 1163264K
  class space    used 15921K, capacity 16812K, committed 16896K, reserved 1048576K
}
Event: 747.135 GC heap before
{Heap before GC invocations=28 (full 4):
 PSYoungGen      total 265216K, used 259178K [0x00000000e0000000, 0x00000000f3080000, 0x0000000100000000)
  eden space 235008K, 100% used [0x00000000e0000000,0x00000000ee580000,0x00000000ee580000)
  from space 30208K, 80% used [0x00000000ee580000,0x00000000efd1a8d0,0x00000000f0300000)
  to   space 16384K, 0% used [0x00000000f0300000,0x00000000f0300000,0x00000000f1300000)
 ParOldGen       total 185856K, used 73242K [0x00000000a0000000, 0x00000000ab580000, 0x00000000e0000000)
  object space 185856K, 39% used [0x00000000a0000000,0x00000000a4786940,0x00000000ab580000)
 Metaspace       used 125444K, capacity 129771K, committed 130008K, reserved 1163264K
  class space    used 15922K, capacity 16814K, committed 16896K, reserved 1048576K
Event: 747.173 GC heap after
Heap after GC invocations=28 (full 4):
 PSYoungGen      total 251392K, used 16380K [0x00000000e0000000, 0x00000000f3080000, 0x0000000100000000)
  eden space 235008K, 0% used [0x00000000e0000000,0x00000000e0000000,0x00000000ee580000)
  from space 16384K, 99% used [0x00000000f0300000,0x00000000f12ff198,0x00000000f1300000)
  to   space 30208K, 0% used [0x00000000ee580000,0x00000000ee580000,0x00000000f0300000)
 ParOldGen       total 185856K, used 82073K [0x00000000a0000000, 0x00000000ab580000, 0x00000000e0000000)
  object space 185856K, 44% used [0x00000000a0000000,0x00000000a5026448,0x00000000ab580000)
 Metaspace       used 125444K, capacity 129771K, committed 130008K, reserved 1163264K
  class space    used 15922K, capacity 16814K, committed 16896K, reserved 1048576K
}
Event: 748.356 GC heap before
{Heap before GC invocations=29 (full 4):
 PSYoungGen      total 251392K, used 251388K [0x00000000e0000000, 0x00000000f3080000, 0x0000000100000000)
  eden space 235008K, 100% used [0x00000000e0000000,0x00000000ee580000,0x00000000ee580000)
  from space 16384K, 99% used [0x00000000f0300000,0x00000000f12ff198,0x00000000f1300000)
  to   space 30208K, 0% used [0x00000000ee580000,0x00000000ee580000,0x00000000f0300000)
 ParOldGen       total 185856K, used 82073K [0x00000000a0000000, 0x00000000ab580000, 0x00000000e0000000)
  object space 185856K, 44% used [0x00000000a0000000,0x00000000a5026448,0x00000000ab580000)
 Metaspace       used 125467K, capacity 129775K, committed 130008K, reserved 1163264K
  class space    used 15922K, capacity 16814K, committed 16896K, reserved 1048576K
Event: 748.409 GC heap after
Heap after GC invocations=29 (full 4):
 PSYoungGen      total 265216K, used 14305K [0x00000000e0000000, 0x00000000f3080000, 0x0000000100000000)
  eden space 235008K, 0% used [0x00000000e0000000,0x00000000e0000000,0x00000000ee580000)
  from space 30208K, 47% used [0x00000000ee580000,0x00000000ef378680,0x00000000f0300000)
  to   space 16384K, 0% used [0x00000000f0300000,0x00000000f0300000,0x00000000f1300000)
 ParOldGen       total 185856K, used 95732K [0x00000000a0000000, 0x00000000ab580000, 0x00000000e0000000)
  object space 185856K, 51% used [0x00000000a0000000,0x00000000a5d7d1b8,0x00000000ab580000)
 Metaspace       used 125467K, capacity 129775K, committed 130008K, reserved 1163264K
  class space    used 15922K, capacity 16814K, committed 16896K, reserved 1048576K
}

